Stroke Patient Care/build/outputs/logs/manifest-merger-debug-report.txt
-- Merging decision tree log ---
manifest
ADDED from src\main\AndroidManifest.xml:2:1-97:12
	package
		ADDED from src\main\AndroidManifest.xml:3:5-32
		INJECTED from src\main\AndroidManifest.xml
		INJECTED from src\main\AndroidManifest.xml
	android:versionName
		ADDED from src\main\AndroidManifest.xml:5:5-30
		INJECTED from src\main\AndroidManifest.xml
		INJECTED from src\main\AndroidManifest.xml
	android:versionCode
		ADDED from src\main\AndroidManifest.xml:4:5-28
		INJECTED from src\main\AndroidManifest.xml
		INJECTED from src\main\AndroidManifest.xml
	xmlns:android
		ADDED from src\main\AndroidManifest.xml:2:11-69
uses-sdk
ADDED from src\main\AndroidManifest.xml:7:5-9:41
MERGED from [com.android.support:design:23.4.0] AndroidManifest.xml:20:5-43
MERGED from [com.android.support:recyclerview-v7:23.4.0] AndroidManifest.xml:20:5-43
MERGED from [com.android.support:appcompat-v7:23.4.0] AndroidManifest.xml:21:5-23:78
MERGED from [com.android.support:animated-vector-drawable:23.4.0] AndroidManifest.xml:5:5-44
MERGED from [com.android.support:support-vector-drawable:23.4.0] AndroidManifest.xml:5:5-43
MERGED from [com.android.support:support-v4:23.4.0] AndroidManifest.xml:20:5-43
MERGED from [com.android.support.constraint:constraint-layout:1.0.2] AndroidManifest.xml:5:5-7:41
	tools:overrideLibrary
		ADDED from [com.android.support:appcompat-v7:23.4.0] AndroidManifest.xml:23:9-75
	android:targetSdkVersion
		ADDED from src\main\AndroidManifest.xml:9:9-38
		INJECTED from src\main\AndroidManifest.xml
		INJECTED from src\main\AndroidManifest.xml
	android:minSdkVersion
		ADDED from src\main\AndroidManifest.xml:8:9-34
		INJECTED from src\main\AndroidManifest.xml
		INJECTED from src\main\AndroidManifest.xml
uses-permission#android.permission.INTERNET
ADDED from src\main\AndroidManifest.xml:11:5-67
	android:name
		ADDED from src\main\AndroidManifest.xml:11:22-64
uses-permission#android.permission.ACCESS_NETWORK_STATE
ADDED from src\main\AndroidManifest.xml:12:5-79
	android:name
		ADDED from src\main\AndroidManifest.xml:12:22-76
uses-permission#android.permission.WRITE_EXTERNAL_STORAGE
ADDED from src\main\AndroidManifest.xml:13:5-81
	android:name
		ADDED from src\main\AndroidManifest.xml:13:22-78
uses-permission#android.permission.READ_PHONE_STATE
ADDED from src\main\AndroidManifest.xml:14:5-75
	android:name
		ADDED from src\main\AndroidManifest.xml:14:22-72
uses-permission#android.permission.READ_EXTERNAL_STORAGE
ADDED from src\main\AndroidManifest.xml:15:5-80
	android:name
		ADDED from src\main\AndroidManifest.xml:15:22-77
uses-permission#android.permission.CALL_PHONE
ADDED from src\main\AndroidManifest.xml:16:5-69
	android:name
		ADDED from src\main\AndroidManifest.xml:16:22-66
uses-permission#android.permission.CAMERA
ADDED from src\main\AndroidManifest.xml:17:5-65
	android:name
		ADDED from src\main\AndroidManifest.xml:17:22-62
uses-permission#android.permission.WAKE_LOCK
ADDED from src\main\AndroidManifest.xml:18:5-68
	android:name
		ADDED from src\main\AndroidManifest.xml:18:22-65
uses-permission#android.permission.RECEIVE_BOOT_COMPLETED
ADDED from src\main\AndroidManifest.xml:19:5-81
	android:name
		ADDED from src\main\AndroidManifest.xml:19:22-78
uses-feature#android.hardware.camera
ADDED from src\main\AndroidManifest.xml:21:5-23:35
	android:required
		ADDED from src\main\AndroidManifest.xml:23:9-32
	android:name
		ADDED from src\main\AndroidManifest.xml:22:9-47
application
ADDED from src\main\AndroidManifest.xml:25:5-95:19
MERGED from [com.android.support:design:23.4.0] AndroidManifest.xml:22:5-20
MERGED from [com.android.support:appcompat-v7:23.4.0] AndroidManifest.xml:25:5-20
MERGED from [com.android.support:animated-vector-drawable:23.4.0] AndroidManifest.xml:7:5-20
MERGED from [com.android.support:support-vector-drawable:23.4.0] AndroidManifest.xml:7:5-20
MERGED from [com.android.support:support-v4:23.4.0] AndroidManifest.xml:22:5-20
MERGED from [com.android.support.constraint:constraint-layout:1.0.2] AndroidManifest.xml:9:5-20
	android:label
		ADDED from src\main\AndroidManifest.xml:29:9-41
	android:allowBackup
		ADDED from src\main\AndroidManifest.xml:27:9-35
	android:icon
		ADDED from src\main\AndroidManifest.xml:28:9-43
	android:theme
		ADDED from src\main\AndroidManifest.xml:30:9-40
	android:name
		ADDED from src\main\AndroidManifest.xml:26:9-42
activity#com.yarsi.skripsi.activity.LoginActivity
ADDED from src\main\AndroidManifest.xml:31:9-41:20
	android:label
		ADDED from src\main\AndroidManifest.xml:33:13-45
	android:launchMode
		ADDED from src\main\AndroidManifest.xml:34:13-43
	android:windowSoftInputMode
		ADDED from src\main\AndroidManifest.xml:35:13-52
	android:name
		ADDED from src\main\AndroidManifest.xml:32:13-51
intent-filter#android.intent.action.MAIN+android.intent.category.LAUNCHER
ADDED from src\main\AndroidManifest.xml:36:13-40:29
action#android.intent.action.MAIN
ADDED from src\main\AndroidManifest.xml:37:17-69
	android:name
		ADDED from src\main\AndroidManifest.xml:37:25-66
category#android.intent.category.LAUNCHER
ADDED from src\main\AndroidManifest.xml:39:17-77
	android:name
		ADDED from src\main\AndroidManifest.xml:39:27-74
activity#com.yarsi.skripsi.activity.RegisterActivity
ADDED from src\main\AndroidManifest.xml:42:9-46:55
	android:label
		ADDED from src\main\AndroidManifest.xml:44:13-45
	android:launchMode
		ADDED from src\main\AndroidManifest.xml:45:13-43
	android:windowSoftInputMode
		ADDED from src\main\AndroidManifest.xml:46:13-52
	android:name
		ADDED from src\main\AndroidManifest.xml:43:13-54
activity#com.yarsi.skripsi.activity.MainActivity
ADDED from src\main\AndroidManifest.xml:47:9-50:59
	android:label
		ADDED from src\main\AndroidManifest.xml:49:13-45
	android:theme
		ADDED from src\main\AndroidManifest.xml:50:13-56
	android:name
		ADDED from src\main\AndroidManifest.xml:48:13-50
activity#com.yarsi.skripsi.activity.AboutUsActivity
ADDED from src\main\AndroidManifest.xml:51:9-53:63
	android:label
		ADDED from src\main\AndroidManifest.xml:53:13-60
	android:name
		ADDED from src\main\AndroidManifest.xml:52:13-53
activity#com.yarsi.skripsi.activity.PrivacyPolicyActivity
ADDED from src\main\AndroidManifest.xml:54:9-56:69
	android:label
		ADDED from src\main\AndroidManifest.xml:56:13-66
	android:name
		ADDED from src\main\AndroidManifest.xml:55:13-59
activity#com.yarsi.skripsi.activity.FoodActivity
ADDED from src\main\AndroidManifest.xml:57:9-59:48
	android:label
		ADDED from src\main\AndroidManifest.xml:59:13-45
	android:name
		ADDED from src\main\AndroidManifest.xml:58:13-50
activity#com.yarsi.skripsi.activity.MedicationActivity
ADDED from src\main\AndroidManifest.xml:60:9-62:54
	android:label
		ADDED from src\main\AndroidManifest.xml:62:13-51
	android:name
		ADDED from src\main\AndroidManifest.xml:61:13-56
activity#com.yarsi.skripsi.activity.FAST1Activity
ADDED from src\main\AndroidManifest.xml:63:9-65:44
	android:label
		ADDED from src\main\AndroidManifest.xml:65:13-41
	android:name
		ADDED from src\main\AndroidManifest.xml:64:13-51
activity#com.yarsi.skripsi.activity.CheckCondition1Activity
ADDED from src\main\AndroidManifest.xml:66:9-70
	android:name
		ADDED from src\main\AndroidManifest.xml:66:19-67
activity#com.yarsi.skripsi.activity.CheckCondition2Activity
ADDED from src\main\AndroidManifest.xml:67:9-70
	android:name
		ADDED from src\main\AndroidManifest.xml:67:19-67
activity#com.yarsi.skripsi.activity.CheckCondition3Activity
ADDED from src\main\AndroidManifest.xml:68:9-70
	android:name
		ADDED from src\main\AndroidManifest.xml:68:19-67
activity#com.yarsi.skripsi.activity.MakananActivity
ADDED from src\main\AndroidManifest.xml:69:9-71:51
	android:label
		ADDED from src\main\AndroidManifest.xml:71:13-48
	android:name
		ADDED from src\main\AndroidManifest.xml:70:13-53
activity#com.yarsi.skripsi.activity.TipsMerawatActivity
ADDED from src\main\AndroidManifest.xml:72:9-74:49
	android:label
		ADDED from src\main\AndroidManifest.xml:74:13-46
	android:name
		ADDED from src\main\AndroidManifest.xml:73:13-57
activity#com.yarsi.skripsi.activity.ObatActivity
ADDED from src\main\AndroidManifest.xml:75:9-77:48
	android:label
		ADDED from src\main\AndroidManifest.xml:77:13-45
	android:name
		ADDED from src\main\AndroidManifest.xml:76:13-50
activity#com.yarsi.skripsi.activity.InformasiTensiActivity
ADDED from src\main\AndroidManifest.xml:78:9-69
	android:name
		ADDED from src\main\AndroidManifest.xml:78:19-66
activity#com.yarsi.skripsi.activity.GulaDarah
ADDED from src\main\AndroidManifest.xml:79:9-56
	android:name
		ADDED from src\main\AndroidManifest.xml:79:19-53
activity#com.yarsi.skripsi.activity.FAST2Activity
ADDED from src\main\AndroidManifest.xml:80:9-82:44
	android:label
		ADDED from src\main\AndroidManifest.xml:82:13-41
	android:name
		ADDED from src\main\AndroidManifest.xml:81:13-51
activity#com.yarsi.skripsi.activity.FAST3Activity
ADDED from src\main\AndroidManifest.xml:83:9-85:46
	android:label
		ADDED from src\main\AndroidManifest.xml:85:13-43
	android:name
		ADDED from src\main\AndroidManifest.xml:84:13-51
activity#com.yarsi.skripsi.activity.FAST4Activity
ADDED from src\main\AndroidManifest.xml:86:9-88:44
	android:label
		ADDED from src\main\AndroidManifest.xml:88:13-41
	android:name
		ADDED from src\main\AndroidManifest.xml:87:13-51
receiver#com.yarsi.skripsi.AlarmReceiver
ADDED from src\main\AndroidManifest.xml:90:9-51
	android:name
		ADDED from src\main\AndroidManifest.xml:90:19-48
activity#com.yarsi.skripsi.activity.CheckCondition4Activity
ADDED from src\main\AndroidManifest.xml:92:9-70
	android:name
		ADDED from src\main\AndroidManifest.xml:92:19-67
activity#com.yarsi.skripsi.activity.CheckCondition5Activity
ADDED from src\main\AndroidManifest.xml:93:9-70
	android:name
		ADDED from src\main\AndroidManifest.xml:93:19-67
activity#com.yarsi.skripsi.activity.PerubahanSifatActivity
ADDED from src\main\AndroidManifest.xml:94:9-69
	android:name
		ADDED from src\main\AndroidManifest.xml:94:19-66